1478026140722	geckodriver	INFO	Listening on 127.0.0.1:62148
1478026142759	mozprofile::profile	INFO	Using profile path C:\Users\DVID~1\AppData\Local\Temp\rust_mozprofile.5deFC47zqXQd
1478026142759	geckodriver::marionette	INFO	Starting browser C:\Program Files (x86)\Mozilla Firefox\firefox.exe
1478026143162	geckodriver::marionette	INFO	Connecting to Marionette on localhost:62155
1478026143313	addons.manager	DEBUG	Application has been upgraded
1478026143444	addons.manager	DEBUG	Loaded provider scope for resource://gre/modules/addons/XPIProvider.jsm: ["XPIProvider"]
1478026143445	addons.manager	DEBUG	Loaded provider scope for resource://gre/modules/LightweightThemeManager.jsm: ["LightweightThemeManager"]
1478026143447	addons.manager	DEBUG	Loaded provider scope for resource://gre/modules/addons/GMPProvider.jsm
1478026143448	addons.manager	DEBUG	Loaded provider scope for resource://gre/modules/addons/PluginProvider.jsm
1478026143448	addons.manager	DEBUG	Starting provider: XPIProvider
1478026143448	addons.xpi	DEBUG	startup
1478026143449	addons.xpi	INFO	SystemAddonInstallLocation directory is missing
1478026143449	addons.xpi	INFO	Mapping loop@mozilla.org to C:\Program Files (x86)\Mozilla Firefox\browser\features\loop@mozilla.org.xpi
1478026143450	addons.xpi	INFO	Mapping {972ce4c6-7e08-4474-a285-3208198ce6fd} to C:\Program Files (x86)\Mozilla Firefox\browser\extensions\{972ce4c6-7e08-4474-a285-3208198ce6fd}.xpi
1478026143450	addons.xpi	DEBUG	checkForChanges
1478026143451	addons.xpi	DEBUG	Loaded add-on state from prefs: {}
1478026143451	addons.xpi	DEBUG	New add-on loop@mozilla.org in app-system-defaults
1478026143451	addons.xpi	DEBUG	getModTime: Recursive scan of loop@mozilla.org
1478026143452	addons.xpi	DEBUG	New add-on {972ce4c6-7e08-4474-a285-3208198ce6fd} in app-global
1478026143452	addons.xpi	DEBUG	getModTime: Recursive scan of {972ce4c6-7e08-4474-a285-3208198ce6fd}
1478026143453	addons.xpi	DEBUG	getInstallState changed: true, state: {"app-system-defaults":{"loop@mozilla.org":{"d":"C:\\Program Files (x86)\\Mozilla Firefox\\browser\\features\\loop@mozilla.org.xpi","st":1460086236000}},"app-global":{"{972ce4c6-7e08-4474-a285-3208198ce6fd}":{"d":"C:\\Program Files (x86)\\Mozilla Firefox\\browser\\extensions\\{972ce4c6-7e08-4474-a285-3208198ce6fd}.xpi","st":1460086235000}}}
1478026143458	addons.xpi-utils	DEBUG	Opening XPI database C:\Users\DVID~1\AppData\Local\Temp\rust_mozprofile.5deFC47zqXQd\extensions.json
1478026143459	addons.xpi-utils	DEBUG	New add-on loop@mozilla.org installed in app-system-defaults
*** Blocklist::_loadBlocklistFromFile: blocklist is disabled
1478026143466	DeferredSave.extensions.json	DEBUG	Save changes
1478026143466	addons.xpi-utils	DEBUG	New add-on {972ce4c6-7e08-4474-a285-3208198ce6fd} installed in app-global
1478026143469	DeferredSave.extensions.json	DEBUG	Starting timer
1478026143470	DeferredSave.extensions.json	DEBUG	Save changes
1478026143470	addons.xpi-utils	INFO	Hiding the updated system add-ons.
1478026143474	addons.xpi	DEBUG	Loading bootstrap scope from C:\Program Files (x86)\Mozilla Firefox\browser\features\loop@mozilla.org.xpi
1478026143484	addons.xpi	DEBUG	Calling bootstrap method install on loop@mozilla.org version 1.1.14
1478026143485	addons.xpi-utils	DEBUG	Make addon app-system-defaults:loop@mozilla.org visible
1478026143485	DeferredSave.extensions.json	DEBUG	Save changes
1478026143485	addons.xpi-utils	DEBUG	Make addon app-global:{972ce4c6-7e08-4474-a285-3208198ce6fd} visible
1478026143485	DeferredSave.extensions.json	DEBUG	Save changes
1478026143485	addons.xpi	DEBUG	Updating XPIState for {"id":"loop@mozilla.org","syncGUID":"V-OuHqm86kFh","location":"app-system-defaults","version":"1.1.14","type":"extension","internalName":null,"updateURL":null,"updateKey":null,"optionsURL":null,"optionsType":null,"aboutURL":null,"icons":{},"iconURL":null,"icon64URL":null,"defaultLocale":{"name":"Firefox Hello Beta","description":"Web sharing for Firefox","creator":"Mozilla","homepageURL":null},"visible":true,"active":true,"userDisabled":false,"appDisabled":false,"descriptor":"C:\\Program Files (x86)\\Mozilla Firefox\\browser\\features\\loop@mozilla.org.xpi","installDate":1460086236000,"updateDate":1460086236000,"applyBackgroundUpdates":1,"bootstrap":true,"skinnable":false,"size":4109551,"sourceURI":null,"releaseNotesURI":null,"softDisabled":false,"foreignInstall":false,"hasBinaryComponents":false,"strictCompatibility":false,"locales":[],"targetApplications":[{"id":"{ec8030f7-c20a-464f-9b0e-13a3a9e97384}","minVersion":"45.0","maxVersion":"45.*"},{"id":"xpcshell@tests.mozilla.org","minVersion":"0","maxVersion":"10"}],"targetPlatforms":[],"multiprocessCompatible":false,"seen":true}
1478026143485	addons.xpi	DEBUG	getModTime: Recursive scan of loop@mozilla.org
1478026143486	addons.xpi	DEBUG	Updating XPIState for {"id":"{972ce4c6-7e08-4474-a285-3208198ce6fd}","syncGUID":"lKny2lKIEeZH","location":"app-global","version":"45.0.2","type":"theme","internalName":"classic/1.0","updateURL":null,"updateKey":null,"optionsURL":null,"optionsType":null,"aboutURL":null,"icons":{"32":"icon.png","48":"icon.png"},"iconURL":null,"icon64URL":null,"defaultLocale":{"name":"Default","description":"The default theme.","creator":"Mozilla","homepageURL":null,"contributors":["Mozilla Contributors"]},"visible":true,"active":true,"userDisabled":false,"appDisabled":false,"descriptor":"C:\\Program Files (x86)\\Mozilla Firefox\\browser\\extensions\\{972ce4c6-7e08-4474-a285-3208198ce6fd}.xpi","installDate":1460086235000,"updateDate":1460086235000,"applyBackgroundUpdates":1,"skinnable":true,"size":22012,"sourceURI":null,"releaseNotesURI":null,"softDisabled":false,"foreignInstall":false,"hasBinaryComponents":false,"strictCompatibility":true,"locales":[],"targetApplications":[{"id":"{ec8030f7-c20a-464f-9b0e-13a3a9e97384}","minVersion":"45.0.2","maxVersion":"45.0.2"}],"targetPlatforms":[],"seen":true}
1478026143486	addons.xpi	DEBUG	getModTime: Recursive scan of {972ce4c6-7e08-4474-a285-3208198ce6fd}
1478026143486	DeferredSave.extensions.json	DEBUG	Save changes
1478026143486	addons.xpi	DEBUG	Updating database with changes to installed add-ons
1478026143486	addons.xpi-utils	DEBUG	Updating add-on states
1478026143487	addons.xpi-utils	DEBUG	Writing add-ons list
1478026143489	addons.xpi	DEBUG	Registering manifest for C:\Program Files (x86)\Mozilla Firefox\browser\features\loop@mozilla.org.xpi
1478026143490	addons.xpi	DEBUG	Calling bootstrap method startup on loop@mozilla.org version 1.1.14
1478026143498	addons.manager	DEBUG	Starting provider: <unnamed-provider>
1478026143498	addons.manager	DEBUG	Registering shutdown blocker for <unnamed-provider>
1478026143498	addons.manager	DEBUG	Provider finished startup: <unnamed-provider>
1478026143506	addons.manager	DEBUG	Registering shutdown blocker for XPIProvider
1478026143506	addons.manager	DEBUG	Provider finished startup: XPIProvider
1478026143506	addons.manager	DEBUG	Starting provider: LightweightThemeManager
1478026143506	addons.manager	DEBUG	Registering shutdown blocker for LightweightThemeManager
1478026143506	addons.manager	DEBUG	Provider finished startup: LightweightThemeManager
1478026143507	addons.manager	DEBUG	Starting provider: GMPProvider
1478026143510	addons.manager	DEBUG	Registering shutdown blocker for GMPProvider
1478026143510	addons.manager	DEBUG	Provider finished startup: GMPProvider
1478026143510	addons.manager	DEBUG	Starting provider: PluginProvider
1478026143510	addons.manager	DEBUG	Registering shutdown blocker for PluginProvider
1478026143511	addons.manager	DEBUG	Provider finished startup: PluginProvider
1478026143511	addons.manager	DEBUG	Completed startup sequence
1478026144983	addons.manager	DEBUG	Starting provider: PreviousExperimentProvider
1478026144983	addons.manager	DEBUG	Registering shutdown blocker for PreviousExperimentProvider
1478026144983	addons.manager	DEBUG	Provider finished startup: PreviousExperimentProvider
1478026144984	DeferredSave.extensions.json	DEBUG	Starting write
1478026145171	DeferredSave.extensions.json	DEBUG	Write succeeded
1478026145171	addons.xpi-utils	DEBUG	XPI Database saved, setting schema version preference to 17
1478026152385 Marionette: Element is missing an accesible name -> id: icon-nagyito, tagName: A, className: icon icon-nagyito
1478026163534	addons.xpi	DEBUG	Calling bootstrap method shutdown on loop@mozilla.org version 1.1.14
1478026163809	addons.manager	DEBUG	shutdown
1478026163810	addons.manager	DEBUG	Calling shutdown blocker for <unnamed-provider>
1478026163810	addons.manager	DEBUG	Calling shutdown blocker for XPIProvider
1478026163810	addons.xpi	DEBUG	shutdown
1478026163810	addons.xpi-utils	DEBUG	shutdown
1478026163811	addons.manager	DEBUG	Calling shutdown blocker for LightweightThemeManager
1478026163811	addons.manager	DEBUG	Calling shutdown blocker for GMPProvider
1478026163812	addons.manager	DEBUG	Calling shutdown blocker for PluginProvider
1478026163813	addons.manager	DEBUG	Calling shutdown blocker for PreviousExperimentProvider
1478026163815	addons.xpi	DEBUG	Notifying XPI shutdown observers
1478026163818	addons.manager	DEBUG	Async provider shutdown done
own blocker for <unnamed-provider>
1478025453932	addons.manager	DEBUG	Calling shutdown blocker for XPIProvider
1478025453932	addons.xpi	DEBUG	shutdown
1478025453932	addons.xpi-utils	DEBUG	shutdown
1478025453933	addons.manager	DEBUG	Calling shutdown blocker for LightweightThemeManager
1478025453933	addons.manager	DEBUG	Calling shutdown blocker for GMPProvider
1478025453934	addons.manager	DEBUG	Calling shutdown blocker for PluginProvider
1478025453935	addons.manager	DEBUG	Calling shutdown blocker for PreviousExperimentProvider
1478025453936	addons.xpi	DEBUG	Notifying XPI shutdown observers
1478025453939	addons.manager	DEBUG	Async provider shutdown done
erver.js -> resource://devtools/shared/transport/transport.js:479:9
makeInfallible/<@resource://gre/modules/commonjs/toolkit/loader.js -> resource://devtools/shared/DevToolsUtils.js:87:14
makeInfallible/<@resource://gre/modules/commonjs/toolkit/loader.js -> resource://devtools/shared/DevToolsUtils.js:87:14

*************************
*************************
A coding exception was thrown and uncaught in a Task.

Full message: TypeError: this.browser.getBrowserForTab is not a function
Full stack: BrowserObj.prototype.hasRemotenessChange@chrome://marionette/content/driver.js:3239:25
BrowserObj.prototype.executeWhenReady@chrome://marionette/content/driver.js:3270:7
GeckoDriver.prototype.sendAsync@chrome://marionette/content/driver.js:228:5
send/proxy<@chrome://marionette/content/proxy.js:150:7
send@chrome://marionette/content/proxy.js:111:17
ownPriorityGetterTrap.get/<@chrome://marionette/content/proxy.js:28:25
GeckoDriver.prototype.findElements@chrome://marionette/content/driver.js:1938:1
TaskImpl_run@resource://gre/modules/Task.jsm:331:41
TaskImpl@resource://gre/modules/Task.jsm:276:3
createAsyncFunction/asyncFunction@resource://gre/modules/Task.jsm:250:14
Task_spawn@resource://gre/modules/Task.jsm:164:12
TaskImpl_handleResultValue@resource://gre/modules/Task.jsm:384:1
TaskImpl_run@resource://gre/modules/Task.jsm:323:13
TaskImpl@resource://gre/modules/Task.jsm:276:3
createAsyncFunction/asyncFunction@resource://gre/modules/Task.jsm:250:14
Task_spawn@resource://gre/modules/Task.jsm:164:12
Dispatcher.prototype.execute@chrome://marionette/content/dispatcher.js:119:13
Dispatcher.prototype.onPacket@chrome://marionette/content/dispatcher.js:90:5
DebuggerTransport.prototype._onJSONObjectReady/<@chrome://marionette/content/server.js -> resource://devtools/shared/transport/transport.js:479:9
makeInfallible/<@resource://gre/modules/commonjs/toolkit/loader.js -> resource://devtools/shared/DevToolsUtils.js:87:14
makeInfallible/<@resource://gre/modules/commonjs/toolkit/loader.js -> resource://devtools/shared/DevToolsUtils.js:87:14

*************************
*************************
A coding exception was thrown in a Promise rejection callback.
See https://developer.mozilla.org/Mozilla/JavaScript_code_modules/Promise.jsm/Promise

Full message: TypeError: this.browser.getBrowserForTab is not a function
Full stack: BrowserObj.prototype.hasRemotenessChange@chrome://marionette/content/driver.js:3239:25
BrowserObj.prototype.executeWhenReady@chrome://marionette/content/driver.js:3270:7
GeckoDriver.prototype.sendAsync@chrome://marionette/content/driver.js:228:5
send/proxy<@chrome://marionette/content/proxy.js:150:7
send@chrome://marionette/content/proxy.js:111:17
ownPriorityGetterTrap.get/<@chrome://marionette/content/proxy.js:28:25
GeckoDriver.prototype.findElements@chrome://marionette/content/driver.js:1938:1
TaskImpl_run@resource://gre/modules/Task.jsm:331:41
TaskImpl@resource://gre/modules/Task.jsm:276:3
createAsyncFunction/asyncFunction@resource://gre/modules/Task.jsm:250:14
Task_spawn@resource://gre/modules/Task.jsm:164:12
TaskImpl_handleResultValue@resource://gre/modules/Task.jsm:384:1
TaskImpl_run@resource://gre/modules/Task.jsm:323:13
TaskImpl@resource://gre/modules/Task.jsm:276:3
createAsyncFunction/asyncFunction@resource://gre/modules/Task.jsm:250:14
Task_spawn@resource://gre/modules/Task.jsm:164:12
Dispatcher.prototype.execute@chrome://marionette/content/dispatcher.js:119:13
Dispatcher.prototype.onPacket@chrome://marionette/content/dispatcher.js:90:5
DebuggerTransport.prototype._onJSONObjectReady/<@chrome://marionette/content/server.js -> resource://devtools/shared/transport/transport.js:479:9
makeInfallible/<@resource://gre/modules/commonjs/toolkit/loader.js -> resource://devtools/shared/DevToolsUtils.js:87:14
makeInfallible/<@resource://gre/modules/commonjs/toolkit/loader.js -> resource://devtools/shared/DevToolsUtils.js:87:14

*************************
Marionette threw an error: TypeError: this.browser.getBrowserForTab is not a function
BrowserObj.prototype.hasRemotenessChange@chrome://marionette/content/driver.js:3239:25
BrowserObj.prototype.executeWhenReady@chrome://marionette/content/driver.js:3270:7
GeckoDriver.prototype.sendAsync@chrome://marionette/content/driver.js:228:5
send/proxy<@chrome://marionette/content/proxy.js:150:7
send@chrome://marionette/content/proxy.js:111:17
ownPriorityGetterTrap.get/<@chrome://marionette/content/proxy.js:28:25
GeckoDriver.prototype.findElements@chrome://marionette/content/driver.js:1938:1
TaskImpl_run@resource://gre/modules/Task.jsm:331:41
TaskImpl@resource://gre/modules/Task.jsm:276:3
createAsyncFunction/asyncFunction@resource://gre/modules/Task.jsm:250:14
Task_spawn@resource://gre/modules/Task.jsm:164:12
TaskImpl_handleResultValue@resource://gre/modules/Task.jsm:384:1
TaskImpl_run@resource://gre/modules/Task.jsm:323:13
TaskImpl@resource://gre/modules/Task.jsm:276:3
createAsyncFunction/asyncFunction@resource://gre/modules/Task.jsm:250:14
Task_spawn@resource://gre/modules/Task.jsm:164:12
Dispatcher.prototype.execute@chrome://marionette/content/dispatcher.js:119:13
Dispatcher.prototype.onPacket@chrome://marionette/content/dispatcher.js:90:5
DebuggerTransport.prototype._onJSONObjectReady/<@chrome://marionette/content/server.js -> resource://devtools/shared/transport/transport.js:479:9
makeInfallible/<@resource://gre/modules/commonjs/toolkit/loader.js -> resource://devtools/shared/DevToolsUtils.js:87:14
makeInfallible/<@resource://gre/modules/commonjs/toolkit/loader.js -> resource://devtools/shared/DevToolsUtils.js:87:14

